prefix2022/05/16 15:07:49 utility module initiating
prefix2022/05/16 15:07:49 utility module initiated
prefix2022/05/16 15:07:49 vue module initiating
prefix2022/05/16 15:07:49 vue module initiated
prefix2022/05/16 15:07:49 runing http server : localhost:80
prefix2022/05/16 16:29:01 utility module initiating
prefix2022/05/16 16:29:01 utility module initiated
prefix2022/05/16 16:29:01 vue module initiating
prefix2022/05/16 16:29:01 vue module initiated
prefix2022/05/16 16:29:01 runing http server : localhost:90
prefix2022/05/16 16:29:15 utility module initiating
prefix2022/05/16 16:29:15 utility module initiated
prefix2022/05/16 16:29:15 vue module initiating
prefix2022/05/16 16:29:15 vue module initiated
prefix2022/05/16 16:29:15 runing http server : localhost:90
prefix2022/05/17 05:10:46 utility module initiating
prefix2022/05/17 05:10:46 utility module initiated
prefix2022/05/17 05:10:46 vue module initiating
prefix2022/05/17 05:10:46 updating  vue\header.vue
prefix2022/05/17 05:10:46 vue module initiated
prefix2022/05/17 05:10:46 runing http server : localhost:90
prefix2022/05/18 12:06:55 utility module initiating
prefix2022/05/18 12:06:55 utility module initiated
prefix2022/05/18 12:06:55 vue module initiating
prefix2022/05/18 12:06:55 vue module initiated
prefix2022/05/18 12:06:55 runing http server : localhost:90
prefix2022/05/18 12:35:36 utility module initiating
prefix2022/05/18 12:35:36 utility module initiated
prefix2022/05/18 12:35:36 vue module initiating
prefix2022/05/18 12:35:36 updating  vue\header.vue
prefix2022/05/18 12:35:36 vue module initiated
prefix2022/05/18 12:35:36 runing http server : localhost:90
prefix2022/05/18 12:38:16 utility module initiating
prefix2022/05/18 12:38:16 utility module initiated
prefix2022/05/18 12:38:16 vue module initiating
prefix2022/05/18 12:38:16 updating  vue\header.vue
prefix2022/05/18 12:38:16 vue module initiated
prefix2022/05/18 12:38:16 runing http server : localhost:90
prefix2022/05/18 12:41:12 updating  vue\header.vue
prefix2022/05/18 12:45:04 utility module initiating
prefix2022/05/18 12:45:04 utility module initiated
prefix2022/05/18 12:45:04 vue module initiating
prefix2022/05/18 12:45:04 updating  vue\header.vue
prefix2022/05/18 12:45:04 vue module initiated
prefix2022/05/18 12:45:04 runing http server : localhost:90
prefix2022/05/18 12:45:04 listen tcp :90: bind: Only one usage of each socket address (protocol/network address/port) is normally permitted.
prefix2022/05/18 12:45:10 utility module initiating
prefix2022/05/18 12:45:10 utility module initiated
prefix2022/05/18 12:45:10 vue module initiating
prefix2022/05/18 12:45:10 vue module initiated
prefix2022/05/18 12:45:10 runing http server : localhost:90
prefix2022/05/19 04:31:36 utility module initiating
prefix2022/05/19 04:31:36 utility module initiated
prefix2022/05/19 04:31:36 vue module initiating
prefix2022/05/19 04:31:36 updating  vue\header.vue
prefix2022/05/19 04:31:36 vue module initiated
prefix2022/05/19 04:31:36 runing http server : localhost:90
prefix2022/05/19 04:48:35 utility module initiating
prefix2022/05/19 04:48:35 utility module initiated
prefix2022/05/19 04:48:35 vue module initiating
prefix2022/05/19 04:48:35 updating  vue\header.vue
prefix2022/05/19 04:48:35 vue module initiated
prefix2022/05/19 04:48:35 runing http server : localhost:90
prefix2022/05/19 04:57:28 utility module initiating
prefix2022/05/19 04:57:28 utility module initiated
prefix2022/05/19 04:57:28 vue module initiating
prefix2022/05/19 04:57:28 updating  vue\header.vue
prefix2022/05/19 04:57:28 vue module initiated
prefix2022/05/19 04:57:28 runing http server : localhost:90
prefix2022/05/19 05:05:10 utility module initiating
prefix2022/05/19 05:05:10 utility module initiated
prefix2022/05/19 05:05:10 vue module initiating
prefix2022/05/19 05:05:10 updating  vue\header.vue
prefix2022/05/19 05:05:10 vue module initiated
prefix2022/05/19 05:05:10 runing http server : localhost:90
prefix2022/05/19 05:34:10 utility module initiating
prefix2022/05/19 05:34:10 utility module initiated
prefix2022/05/19 05:34:10 vue module initiating
prefix2022/05/19 05:34:10 updating  vue\header.vue
prefix2022/05/19 05:34:10 vue module initiated
prefix2022/05/19 05:34:10 runing http server : localhost:90
prefix2022/05/19 05:39:29 utility module initiating
prefix2022/05/19 05:39:29 utility module initiated
prefix2022/05/19 05:39:29 vue module initiating
prefix2022/05/19 05:39:29 updating  vue\header.vue
prefix2022/05/19 05:39:29 vue module initiated
prefix2022/05/19 05:39:29 runing http server : localhost:90
prefix2022/05/19 12:40:56 utility module initiating
prefix2022/05/19 12:40:56 utility module initiated
prefix2022/05/19 12:40:56 vue module initiating
prefix2022/05/19 12:40:56 vue module initiated
prefix2022/05/19 12:40:56 runing http server : localhost:90
prefix2022/05/19 17:07:45 utility module initiating
prefix2022/05/19 17:07:45 utility module initiated
prefix2022/05/19 17:07:45 vue module initiating
prefix2022/05/19 17:07:45 vue module initiated
prefix2022/05/19 17:07:45 runing http server : localhost:90
prefix2022/05/19 17:13:47 updating  vue\header.vue
prefix2022/05/19 17:52:41 updating  vue\autocomplete.vue
prefix2022/05/19 17:55:06 updating  vue\autocomplete.vue
prefix2022/05/19 17:59:01 updating  vue\autocomplete.vue
prefix2022/05/19 18:28:21 updating  vue\header.vue
prefix2022/05/20 17:31:03 utility module initiating
prefix2022/05/20 17:31:03 utility module initiated
prefix2022/05/20 17:31:03 vue module initiating
prefix2022/05/20 17:31:03 vue module initiated
prefix2022/05/20 17:31:03 runing http server : localhost:90
prefix2022/05/21 15:24:02 utility module initiating
prefix2022/05/21 15:24:02 utility module initiated
prefix2022/05/21 15:24:02 vue module initiating
prefix2022/05/21 15:24:02 vue module initiated
prefix2022/05/21 15:24:02 runing http server : localhost:90
prefix2022/05/21 17:10:36 utility module initiating
prefix2022/05/21 17:10:36 utility module initiated
prefix2022/05/21 17:10:36 vue module initiating
prefix2022/05/21 17:10:36 updating  vue\header.vue
prefix2022/05/21 17:10:36 vue module initiated
prefix2022/05/21 17:10:36 runing http server : localhost:90
prefix2022/05/21 17:12:28 updating  vue\header.vue
prefix2022/05/21 17:14:16 updating  vue\header.vue
prefix2022/05/21 17:23:28 updating  vue\header.vue
prefix2022/05/21 17:27:51 updating  vue\header.vue
prefix2022/05/21 17:31:12 updating  vue\header.vue
prefix2022/05/21 17:55:11 updating  vue\header.vue
prefix2022/05/21 18:10:18 updating  vue\header.vue
prefix2022/05/21 18:18:27 updating  vue\header.vue
prefix2022/05/21 18:21:11 updating  vue\header.vue
prefix2022/05/21 18:22:33 updating  vue\header.vue
prefix2022/05/21 18:23:51 updating  vue\header.vue
prefix2022/05/21 18:24:58 updating  vue\header.vue
prefix2022/05/21 18:35:28 updating  vue\header.vue
prefix2022/05/23 07:32:55 utility module initiating
prefix2022/05/23 07:32:55 utility module initiated
prefix2022/05/23 07:32:55 vue module initiating
prefix2022/05/23 07:32:56 vue module initiated
prefix2022/05/23 07:32:56 runing http server : localhost:90
